TN:
SF:src\router.ts
FN:34,(anonymous_0)
FN:50,(anonymous_1)
FNF:2
FNH:2
FNDA:4,(anonymous_0)
FNDA:5,(anonymous_1)
DA:1,2
DA:2,2
DA:3,2
DA:11,2
DA:13,2
DA:16,2
DA:18,2
DA:25,2
DA:34,4
DA:40,2
DA:50,5
DA:59,2
DA:66,2
DA:73,2
LF:14
LH:14
BRF:0
BRH:0
end_of_record
TN:
SF:src\server.ts
FN:7,concectDB
FNF:1
FNH:1
FNDA:3,concectDB
DA:1,2
DA:2,2
DA:3,2
DA:4,2
DA:7,2
DA:8,3
DA:9,3
DA:10,2
DA:13,1
DA:16,2
DA:18,2
DA:20,2
DA:22,2
DA:24,2
LF:14
LH:14
BRF:0
BRH:0
end_of_record
TN:
SF:src\config\db.ts
FNF:0
FNH:0
DA:1,2
DA:2,2
DA:4,2
DA:6,2
DA:11,2
LF:5
LH:5
BRF:0
BRH:0
end_of_record
TN:
SF:src\handlers\product.ts
FN:5,(anonymous_8)
FN:5,(anonymous_9)
FN:12,(anonymous_10)
FN:12,(anonymous_11)
FN:24,(anonymous_12)
FN:24,(anonymous_13)
FN:29,(anonymous_14)
FN:29,(anonymous_15)
FN:44,(anonymous_16)
FN:44,(anonymous_17)
FN:59,(anonymous_18)
FN:59,(anonymous_19)
FNF:12
FNH:12
FNDA:2,(anonymous_8)
FNDA:2,(anonymous_9)
FNDA:2,(anonymous_10)
FNDA:2,(anonymous_11)
FNDA:1,(anonymous_12)
FNDA:1,(anonymous_13)
FNDA:2,(anonymous_14)
FNDA:2,(anonymous_15)
FNDA:2,(anonymous_16)
FNDA:2,(anonymous_17)
FNDA:2,(anonymous_18)
FNDA:2,(anonymous_19)
DA:3,2
DA:5,2
DA:6,2
DA:9,2
DA:12,2
DA:13,2
DA:14,2
DA:16,2
DA:17,1
DA:18,1
DA:21,1
DA:24,2
DA:25,1
DA:26,1
DA:29,2
DA:30,2
DA:31,2
DA:33,2
DA:34,1
DA:35,1
DA:38,1
DA:39,1
DA:41,1
DA:44,2
DA:45,2
DA:46,2
DA:48,2
DA:49,1
DA:50,1
DA:53,1
DA:54,1
DA:56,1
DA:59,2
DA:60,2
DA:61,2
DA:63,2
DA:64,1
DA:65,1
DA:68,1
DA:69,1
LF:40
LH:40
BRDA:16,0,0,1
BRDA:33,1,0,1
BRDA:48,2,0,1
BRDA:63,3,0,1
BRF:4
BRH:4
end_of_record
TN:
SF:src\middleware\index.ts
FN:4,(anonymous_0)
FNF:1
FNH:1
FNDA:17,(anonymous_0)
DA:2,2
DA:4,2
DA:10,17
DA:11,17
DA:12,8
DA:13,8
DA:15,9
LF:7
LH:7
BRDA:11,0,0,8
BRF:1
BRH:1
end_of_record
TN:
SF:src\models\Products.model.ts
FNF:0
FNH:0
DA:1,3
DA:9,3
DA:14,3
DA:19,3
DA:25,3
DA:28,3
LF:6
LH:6
BRF:0
BRH:0
end_of_record
